<?xml version="1.0" encoding="UTF-8"?>
<testng-results skipped="0" failed="0" ignored="0" total="1" passed="1">
  <reporter-output>
  </reporter-output>
  <suite name="Default suite" duration-ms="10561" started-at="2016-12-29T04:04:15Z" finished-at="2016-12-29T04:04:26Z">
    <groups>
    </groups>
    <test name="Default test" duration-ms="10561" started-at="2016-12-29T04:04:15Z" finished-at="2016-12-29T04:04:26Z">
      <class name="AndroidTest">
        <test-method status="PASS" signature="test()[pri:0, instance:AndroidTest@5d5eef3d]" name="test" duration-ms="10540" started-at="2016-12-29T09:34:15Z" finished-at="2016-12-29T09:34:26Z">
          <reporter-output>
          </reporter-output>
        </test-method> <!-- test -->
      </class> <!-- AndroidTest -->
    </test> <!-- Default test -->
  </suite> <!-- Default suite -->
</testng-results>
