<?xml version="1.0" encoding="UTF-8"?>
<testng-results skipped="0" failed="0" ignored="0" total="0" passed="0">
  <reporter-output>
  </reporter-output>
  <suite name="Default suite" duration-ms="5" started-at="2016-12-28T12:00:35Z" finished-at="2016-12-28T12:00:35Z">
    <groups>
    </groups>
    <test name="Default test" duration-ms="5" started-at="2016-12-28T12:00:35Z" finished-at="2016-12-28T12:00:35Z">
    </test> <!-- Default test -->
  </suite> <!-- Default suite -->
</testng-results>
